This file contains any messages produced by compilers while
running configure, to aid debugging if configure makes a mistake.

It was created by EXIF library configure 0.6.14, which was
generated by GNU Autoconf 2.69.  Invocation command line was

  $ ./configure --enable-shared=no --prefix=/home/ty/projects/Fuzzing101/Exercise-2/work/install/

## --------- ##
## Platform. ##
## --------- ##

hostname = jim-pc
uname -m = x86_64
uname -r = 6.0.0-2parrot1-amd64
uname -s = Linux
uname -v = #1 SMP PREEMPT_DYNAMIC Debian 6.0.2-1parrot1 (2022-10-18)

/usr/bin/uname -p = unknown
/bin/uname -X     = unknown

/bin/arch              = x86_64
/usr/bin/arch -k       = unknown
/usr/convex/getsysinfo = unknown
/usr/bin/hostinfo      = unknown
/bin/machine           = unknown
/usr/bin/oslevel       = unknown
/bin/universe          = unknown

PATH: /usr/local/sbin
PATH: /usr/local/bin
PATH: /usr/sbin
PATH: /usr/bin
PATH: /sbin
PATH: /bin


## ----------- ##
## Core tests. ##
## ----------- ##

configure:2233: checking for a BSD-compatible install
configure:2301: result: /usr/bin/install -c
configure:2312: checking whether build environment is sane
configure:2367: result: yes
configure:2513: checking for a thread-safe mkdir -p
configure:2552: result: /usr/bin/mkdir -p
configure:2559: checking for gawk
configure:2575: found /usr/bin/gawk
configure:2586: result: gawk
configure:2597: checking whether make sets $(MAKE)
configure:2619: result: yes
configure:2648: checking whether make supports nested variables
configure:2665: result: yes
configure:2816: checking for POSIX sh $() command substitution
configure:2820: result: yes
configure:2931: checking for gcc
configure:2958: result: afl-cc
configure:3187: checking for C compiler version
configure:3196: afl-cc --version >&5
gcc (Debian 10.2.1-6) 10.2.1 20210110
Copyright (C) 2020 Free Software Foundation, Inc.
This is free software; see the source for copying conditions.  There is NO
warranty; not even for MERCHANTABILITY or FITNESS FOR A PARTICULAR PURPOSE.

configure:3207: $? = 0
configure:3196: afl-cc -v >&5
Using built-in specs.
COLLECT_GCC=gcc
COLLECT_LTO_WRAPPER=/usr/lib/gcc/x86_64-linux-gnu/10/lto-wrapper
OFFLOAD_TARGET_NAMES=nvptx-none:amdgcn-amdhsa:hsa
OFFLOAD_TARGET_DEFAULT=1
Target: x86_64-linux-gnu
Configured with: ../src/configure -v --with-pkgversion='Debian 10.2.1-6' --with-bugurl=file:///usr/share/doc/gcc-10/README.Bugs --enable-languages=c,ada,c++,go,brig,d,fortran,objc,obj-c++,m2 --prefix=/usr --with-gcc-major-version-only --program-suffix=-10 --program-prefix=x86_64-linux-gnu- --enable-shared --enable-linker-build-id --libexecdir=/usr/lib --without-included-gettext --enable-threads=posix --libdir=/usr/lib --enable-nls --enable-bootstrap --enable-clocale=gnu --enable-libstdcxx-debug --enable-libstdcxx-time=yes --with-default-libstdcxx-abi=new --enable-gnu-unique-object --disable-vtable-verify --enable-plugin --enable-default-pie --with-system-zlib --enable-libphobos-checking=release --with-target-system-zlib=auto --enable-objc-gc=auto --enable-multiarch --disable-werror --with-arch-32=i686 --with-abi=m64 --with-multilib-list=m32,m64,mx32 --enable-multilib --with-tune=generic --enable-offload-targets=nvptx-none=/build/gcc-10-Km9U7s/gcc-10-10.2.1/debian/tmp-nvptx/usr,amdgcn-amdhsa=/build/gcc-10-Km9U7s/gcc-10-10.2.1/debian/tmp-gcn/usr,hsa --without-cuda-driver --enable-checking=release --build=x86_64-linux-gnu --host=x86_64-linux-gnu --target=x86_64-linux-gnu --with-build-config=bootstrap-lto-lean --enable-link-mutex
Thread model: posix
Supported LTO compression algorithms: zlib zstd
gcc version 10.2.1 20210110 (Debian 10.2.1-6) 
... rest of stderr output deleted ...
configure:3207: $? = 0
configure:3196: afl-cc -V >&5
gcc: error: unrecognized command-line option '-V'
gcc: fatal error: no input files
compilation terminated.
configure:3207: $? = 1
configure:3196: afl-cc -qversion >&5
gcc: error: unrecognized command-line option '-qversion'; did you mean '--version'?
gcc: fatal error: no input files
compilation terminated.
configure:3207: $? = 1
configure:3227: checking whether the C compiler works
configure:3249: afl-cc    conftest.c  >&5
configure:3253: $? = 0
configure:3301: result: yes
configure:3304: checking for C compiler default output file name
configure:3306: result: a.out
configure:3312: checking for suffix of executables
configure:3319: afl-cc -o conftest    conftest.c  >&5
configure:3323: $? = 0
configure:3345: result: 
configure:3367: checking whether we are cross compiling
configure:3375: afl-cc -o conftest    conftest.c  >&5
configure:3379: $? = 0
configure:3386: ./conftest
configure:3390: $? = 0
configure:3405: result: no
configure:3410: checking for suffix of object files
configure:3432: afl-cc -c   conftest.c >&5
configure:3436: $? = 0
configure:3457: result: o
configure:3461: checking whether we are using the GNU C compiler
configure:3480: afl-cc -c   conftest.c >&5
configure:3480: $? = 0
configure:3489: result: yes
configure:3498: checking whether afl-cc accepts -g
configure:3518: afl-cc -c -g  conftest.c >&5
configure:3518: $? = 0
configure:3559: result: yes
configure:3576: checking for afl-cc option to accept ISO C89
configure:3639: afl-cc  -c -g -O2  conftest.c >&5
configure:3639: $? = 0
configure:3652: result: none needed
configure:3677: checking whether afl-cc understands -c and -o together
configure:3699: afl-cc -c conftest.c -o conftest2.o
configure:3702: $? = 0
configure:3699: afl-cc -c conftest.c -o conftest2.o
configure:3702: $? = 0
configure:3714: result: yes
configure:3734: checking whether make supports the include directive
configure:3749: make -f confmf.GNU && cat confinc.out
this is the am__doit target
configure:3752: $? = 0
configure:3771: result: yes (GNU style)
configure:3796: checking dependency style of afl-cc
configure:3907: result: gcc3
configure:3923: checking for an ANSI C-conforming const
configure:3989: afl-cc -c -g -O2  conftest.c >&5
configure:3989: $? = 0
configure:3996: result: yes
configure:4033: checking build system type
configure:4047: result: x86_64-pc-linux-gnu
configure:4067: checking host system type
configure:4080: result: x86_64-pc-linux-gnu
configure:4121: checking how to print strings
configure:4148: result: printf
configure:4169: checking for a sed that does not truncate output
configure:4233: result: /usr/bin/sed
configure:4251: checking for grep that handles long lines and -e
configure:4309: result: /usr/bin/grep
configure:4314: checking for egrep
configure:4376: result: /usr/bin/grep -E
configure:4381: checking for fgrep
configure:4443: result: /usr/bin/grep -F
configure:4478: checking for ld used by afl-cc
configure:4545: result: /usr/bin/ld
configure:4552: checking if the linker (/usr/bin/ld) is GNU ld
configure:4567: result: yes
configure:4579: checking for BSD- or MS-compatible name lister (nm)
configure:4633: result: /usr/bin/nm -B
configure:4763: checking the name lister (/usr/bin/nm -B) interface
configure:4770: afl-cc -c -g -O2  conftest.c >&5
configure:4773: /usr/bin/nm -B "conftest.o"
configure:4776: output
0000000000000000 B some_variable
configure:4783: result: BSD nm
configure:4786: checking whether ln -s works
configure:4790: result: yes
configure:4798: checking the maximum length of command line arguments
configure:4929: result: 1572864
configure:4977: checking how to convert x86_64-pc-linux-gnu file names to x86_64-pc-linux-gnu format
configure:5017: result: func_convert_file_noop
configure:5024: checking how to convert x86_64-pc-linux-gnu file names to toolchain format
configure:5044: result: func_convert_file_noop
configure:5051: checking for /usr/bin/ld option to reload object files
configure:5058: result: -r
configure:5132: checking for objdump
configure:5148: found /usr/bin/objdump
configure:5159: result: objdump
configure:5191: checking how to recognize dependent libraries
configure:5391: result: pass_all
configure:5476: checking for dlltool
configure:5506: result: no
configure:5536: checking how to associate runtime and link libraries
configure:5563: result: printf %s\n
configure:5623: checking for ar
configure:5639: found /usr/bin/ar
configure:5650: result: ar
configure:5687: checking for archiver @FILE support
configure:5704: afl-cc -c -g -O2  conftest.c >&5
configure:5704: $? = 0
configure:5707: ar cr libconftest.a @conftest.lst >&5
configure:5710: $? = 0
configure:5715: ar cr libconftest.a @conftest.lst >&5
ar: conftest.o: No such file or directory
configure:5718: $? = 1
configure:5730: result: @
configure:5788: checking for strip
configure:5804: found /usr/bin/strip
configure:5815: result: strip
configure:5887: checking for ranlib
configure:5903: found /usr/bin/ranlib
configure:5914: result: ranlib
configure:6016: checking command to parse /usr/bin/nm -B output from afl-cc object
configure:6169: afl-cc -c -g -O2  conftest.c >&5
configure:6172: $? = 0
configure:6176: /usr/bin/nm -B conftest.o | sed -n -e 's/^.*[	 ]\([ABCDGIRSTW][ABCDGIRSTW]*\)[	 ][	 ]*\([_A-Za-z][_A-Za-z0-9]*\)$/\1 \2 \2/p' | sed '/ __gnu_lto/d' > conftest.nm
configure:6242: afl-cc -o conftest -g -O2   conftest.c conftstm.o >&5
configure:6245: $? = 0
configure:6283: result: ok
configure:6330: checking for sysroot
configure:6360: result: no
configure:6367: checking for a working dd
configure:6405: result: /usr/bin/dd
configure:6409: checking how to truncate binary pipes
configure:6424: result: /usr/bin/dd bs=4096 count=1
configure:6560: afl-cc -c -g -O2  conftest.c >&5
configure:6563: $? = 0
configure:6753: checking for mt
configure:6769: found /usr/bin/mt
configure:6780: result: mt
configure:6803: checking if mt is a manifest tool
configure:6809: mt '-?'
configure:6817: result: no
configure:7494: checking how to run the C preprocessor
configure:7525: afl-cc -E  conftest.c
configure:7525: $? = 0
configure:7539: afl-cc -E  conftest.c
conftest.c:11:10: fatal error: ac_nonexistent.h: No such file or directory
   11 | #include <ac_nonexistent.h>
      |          ^~~~~~~~~~~~~~~~~~
compilation terminated.
configure:7539: $? = 1
configure: failed program was:
| /* confdefs.h */
| #define PACKAGE_NAME "EXIF library"
| #define PACKAGE_TARNAME "libexif"
| #define PACKAGE_VERSION "0.6.14"
| #define PACKAGE_STRING "EXIF library 0.6.14"
| #define PACKAGE_BUGREPORT "libexif-devel@lists.sourceforge.net"
| #define PACKAGE_URL ""
| #define PACKAGE "libexif"
| #define VERSION "0.6.14"
| /* end confdefs.h.  */
| #include <ac_nonexistent.h>
configure:7564: result: afl-cc -E
configure:7584: afl-cc -E  conftest.c
configure:7584: $? = 0
configure:7598: afl-cc -E  conftest.c
conftest.c:11:10: fatal error: ac_nonexistent.h: No such file or directory
   11 | #include <ac_nonexistent.h>
      |          ^~~~~~~~~~~~~~~~~~
compilation terminated.
configure:7598: $? = 1
configure: failed program was:
| /* confdefs.h */
| #define PACKAGE_NAME "EXIF library"
| #define PACKAGE_TARNAME "libexif"
| #define PACKAGE_VERSION "0.6.14"
| #define PACKAGE_STRING "EXIF library 0.6.14"
| #define PACKAGE_BUGREPORT "libexif-devel@lists.sourceforge.net"
| #define PACKAGE_URL ""
| #define PACKAGE "libexif"
| #define VERSION "0.6.14"
| /* end confdefs.h.  */
| #include <ac_nonexistent.h>
configure:7627: checking for ANSI C header files
configure:7647: afl-cc -c -g -O2  conftest.c >&5
configure:7647: $? = 0
configure:7720: afl-cc -o conftest -g -O2   conftest.c  >&5
configure:7720: $? = 0
configure:7720: ./conftest
configure:7720: $? = 0
configure:7731: result: yes
configure:7744: checking for sys/types.h
configure:7744: afl-cc -c -g -O2  conftest.c >&5
configure:7744: $? = 0
configure:7744: result: yes
configure:7744: checking for sys/stat.h
configure:7744: afl-cc -c -g -O2  conftest.c >&5
configure:7744: $? = 0
configure:7744: result: yes
configure:7744: checking for stdlib.h
configure:7744: afl-cc -c -g -O2  conftest.c >&5
configure:7744: $? = 0
configure:7744: result: yes
configure:7744: checking for string.h
configure:7744: afl-cc -c -g -O2  conftest.c >&5
configure:7744: $? = 0
configure:7744: result: yes
configure:7744: checking for memory.h
configure:7744: afl-cc -c -g -O2  conftest.c >&5
configure:7744: $? = 0
configure:7744: result: yes
configure:7744: checking for strings.h
configure:7744: afl-cc -c -g -O2  conftest.c >&5
configure:7744: $? = 0
configure:7744: result: yes
configure:7744: checking for inttypes.h
configure:7744: afl-cc -c -g -O2  conftest.c >&5
configure:7744: $? = 0
configure:7744: result: yes
configure:7744: checking for stdint.h
configure:7744: afl-cc -c -g -O2  conftest.c >&5
configure:7744: $? = 0
configure:7744: result: yes
configure:7744: checking for unistd.h
configure:7744: afl-cc -c -g -O2  conftest.c >&5
configure:7744: $? = 0
configure:7744: result: yes
configure:7758: checking for dlfcn.h
configure:7758: afl-cc -c -g -O2  conftest.c >&5
configure:7758: $? = 0
configure:7758: result: yes
configure:8014: checking for objdir
configure:8029: result: .libs
configure:8293: checking if afl-cc supports -fno-rtti -fno-exceptions
configure:8311: afl-cc -c -g -O2  -fno-rtti -fno-exceptions conftest.c >&5
cc1: warning: command-line option '-fno-rtti' is valid for C++/D/ObjC++ but not for C
configure:8315: $? = 0
configure:8328: result: no
configure:8692: checking for afl-cc option to produce PIC
configure:8699: result: -fPIC -DPIC
configure:8707: checking if afl-cc PIC flag -fPIC -DPIC works
configure:8725: afl-cc -c -g -O2  -fPIC -DPIC -DPIC conftest.c >&5
configure:8729: $? = 0
configure:8742: result: yes
configure:8771: checking if afl-cc static flag -static works
configure:8799: result: yes
configure:8814: checking if afl-cc supports -c -o file.o
configure:8835: afl-cc -c -g -O2  -o out/conftest2.o conftest.c >&5
configure:8839: $? = 0
configure:8861: result: yes
configure:8869: checking if afl-cc supports -c -o file.o
configure:8916: result: yes
configure:8949: checking whether the afl-cc linker (/usr/bin/ld -m elf_x86_64) supports shared libraries
configure:10212: result: yes
configure:10452: checking dynamic linker characteristics
configure:11033: afl-cc -o conftest -g -O2   -Wl,-rpath -Wl,/foo conftest.c  >&5
configure:11033: $? = 0
configure:11282: result: GNU/Linux ld.so
configure:11404: checking how to hardcode library paths into programs
configure:11429: result: immediate
configure:11977: checking whether stripping libraries is possible
configure:11982: result: yes
configure:12017: checking if libtool supports shared libraries
configure:12019: result: yes
configure:12022: checking whether to build shared libraries
configure:12047: result: no
configure:12050: checking whether to build static libraries
configure:12054: result: yes
configure:12111: checking for uint8_t in stdint.h
configure:12124: result: yes
configure:12289: checking for sqrt
configure:12289: afl-cc -o conftest    conftest.c  >&5
conftest.c:46:6: warning: conflicting types for built-in function 'sqrt'; expected 'double(double)' [-Wbuiltin-declaration-mismatch]
   46 | char sqrt ();
      |      ^~~~
conftest.c:34:1: note: 'sqrt' is declared in header '<math.h>'
   33 | # include <limits.h>
   34 | #else
/usr/bin/ld: /tmp/ccFeKpUA.o: in function `main':
/home/ty/projects/Fuzzing101/Exercise-2/work/libexif/conftest.c:57: undefined reference to `sqrt'
collect2: error: ld returned 1 exit status
configure:12289: $? = 1
configure: failed program was:
| /* confdefs.h */
| #define PACKAGE_NAME "EXIF library"
| #define PACKAGE_TARNAME "libexif"
| #define PACKAGE_VERSION "0.6.14"
| #define PACKAGE_STRING "EXIF library 0.6.14"
| #define PACKAGE_BUGREPORT "libexif-devel@lists.sourceforge.net"
| #define PACKAGE_URL ""
| #define PACKAGE "libexif"
| #define VERSION "0.6.14"
| #define STDC_HEADERS 1
| #define HAVE_SYS_TYPES_H 1
| #define HAVE_SYS_STAT_H 1
| #define HAVE_STDLIB_H 1
| #define HAVE_STRING_H 1
| #define HAVE_MEMORY_H 1
| #define HAVE_STRINGS_H 1
| #define HAVE_INTTYPES_H 1
| #define HAVE_STDINT_H 1
| #define HAVE_UNISTD_H 1
| #define HAVE_DLFCN_H 1
| #define LT_OBJDIR ".libs/"
| /* end confdefs.h.  */
| /* Define sqrt to an innocuous variant, in case <limits.h> declares sqrt.
|    For example, HP-UX 11i <limits.h> declares gettimeofday.  */
| #define sqrt innocuous_sqrt
| 
| /* System header to define __stub macros and hopefully few prototypes,
|     which can conflict with char sqrt (); below.
|     Prefer <limits.h> to <assert.h> if __STDC__ is defined, since
|     <limits.h> exists even on freestanding compilers.  */
| 
| #ifdef __STDC__
| # include <limits.h>
| #else
| # include <assert.h>
| #endif
| 
| #undef sqrt
| 
| /* Override any GCC internal prototype to avoid an error.
|    Use char because int might match the return type of a GCC
|    builtin and then its argument prototype would still apply.  */
| #ifdef __cplusplus
| extern "C"
| #endif
| char sqrt ();
| /* The GNU C library defines this for functions which it implements
|     to always fail with ENOSYS.  Some functions are actually named
|     something starting with __ and the normal name is an alias.  */
| #if defined __stub_sqrt || defined __stub___sqrt
| choke me
| #endif
| 
| int
| main ()
| {
| return sqrt ();
|   ;
|   return 0;
| }
configure:12289: result: no
configure:12296: checking for sqrt in -lm
configure:12321: afl-cc -o conftest    conftest.c -lm   >&5
conftest.c:30:6: warning: conflicting types for built-in function 'sqrt'; expected 'double(double)' [-Wbuiltin-declaration-mismatch]
   30 | char sqrt ();
      |      ^~~~
conftest.c:1:1: note: 'sqrt' is declared in header '<math.h>'
    1 | /* confdefs.h */
configure:12321: $? = 0
configure:12330: result: yes
configure:12364: checking main docdir
configure:12376: result: ${prefix}/share/doc (FHS style)
configure:12388: checking package docdir
configure:12399: result: ${prefix}/share/doc/libexif (default style)
configure:12408: checking for dot
configure:12426: found /usr/bin/dot
configure:12439: result: /usr/bin/dot
configure:12449: checking for doxygen
configure:12480: result: false
configure:12538: checking for po/Makevars requiring hack
configure:12542: result: yes, done.
configure:12565: checking whether NLS is requested
configure:12574: result: yes
configure:12612: checking for msgfmt
configure:12643: result: /usr/bin/msgfmt
configure:12652: checking for gmsgfmt
configure:12683: result: /usr/bin/msgfmt
configure:12723: checking for xgettext
configure:12754: result: /usr/bin/xgettext
configure:12794: checking for msgmerge
configure:12824: result: /usr/bin/msgmerge
configure:12899: checking for ld used by GCC
configure:12963: result: /usr/bin/ld -m elf_x86_64
configure:12970: checking if the linker (/usr/bin/ld -m elf_x86_64) is GNU ld
configure:12983: result: yes
configure:12989: checking for shared library run path origin
configure:13002: result: done
configure:13418: checking whether NLS is requested
configure:13427: result: yes
configure:13445: checking for GNU gettext in libc
configure:13464: afl-cc -o conftest -g -O2   conftest.c  >&5
conftest.c: In function 'main':
conftest.c:31:8: warning: cast from pointer to integer of different size [-Wpointer-to-int-cast]
   31 | return (int) gettext ("") + _nl_msg_cat_cntr + *_nl_domain_bindings
      |        ^
configure:13464: $? = 0
configure:13472: result: yes
configure:14052: checking whether to use NLS
configure:14054: result: yes
configure:14057: checking where the gettext function comes from
configure:14068: result: libc
configure:14159: checking for msgfmt
configure:14190: result: /usr/bin/msgfmt
configure:14199: checking for gmsgfmt
configure:14230: result: /usr/bin/msgfmt
configure:14270: checking for xgettext
configure:14301: result: /usr/bin/xgettext
configure:14341: checking for msgmerge
configure:14371: result: /usr/bin/msgmerge
configure:14436: checking for iconv
configure:14458: afl-cc -o conftest -g -O2   conftest.c  >&5
configure:14458: $? = 0
configure:14490: result: yes
configure:14511: checking for iconv declaration
configure:14540: afl-cc -c -g -O2  conftest.c >&5
configure:14540: $? = 0
configure:14551: result: 
         extern size_t iconv (iconv_t cd, char * *inbuf, size_t *inbytesleft, char * *outbuf, size_t *outbytesleft);
configure:14715: checking that generated files are newer than configure
configure:14721: result: done
configure:14756: creating ./config.status

## ---------------------- ##
## Running config.status. ##
## ---------------------- ##

This file was extended by EXIF library config.status 0.6.14, which was
generated by GNU Autoconf 2.69.  Invocation command line was

  CONFIG_FILES    = 
  CONFIG_HEADERS  = 
  CONFIG_LINKS    = 
  CONFIG_COMMANDS = 
  $ ./config.status 

on jim-pc

config.status:1153: creating po/Makefile.in
config.status:1261: WARNING:  'po/Makefile.in.in' seems to ignore the --datarootdir setting
config.status:1153: creating Makefile
config.status:1153: creating libexif.spec
config.status:1153: creating libexif/Makefile
config.status:1153: creating libexif/canon/Makefile
config.status:1153: creating libexif/olympus/Makefile
config.status:1153: creating libexif/pentax/Makefile
config.status:1153: creating test/Makefile
config.status:1153: creating test/nls/Makefile
config.status:1153: creating m4m/Makefile
config.status:1153: creating doc/Makefile
config.status:1153: creating doc/Doxyfile
config.status:1153: creating doc/Doxyfile-internals
config.status:1153: creating libexif/libexif.pc
config.status:1153: creating binary/Makefile
config.status:1153: creating config.h
config.status:1382: executing depfiles commands
config.status:1459: cd libexif       && sed -e '/# am--include-marker/d' Makefile         | make -f - am--depfiles
config.status:1464: $? = 0
config.status:1459: cd libexif/canon       && sed -e '/# am--include-marker/d' Makefile         | make -f - am--depfiles
config.status:1464: $? = 0
config.status:1459: cd libexif/olympus       && sed -e '/# am--include-marker/d' Makefile         | make -f - am--depfiles
config.status:1464: $? = 0
config.status:1459: cd libexif/pentax       && sed -e '/# am--include-marker/d' Makefile         | make -f - am--depfiles
config.status:1464: $? = 0
config.status:1459: cd test       && sed -e '/# am--include-marker/d' Makefile         | make -f - am--depfiles
config.status:1464: $? = 0
config.status:1459: cd test/nls       && sed -e '/# am--include-marker/d' Makefile         | make -f - am--depfiles
/tmp/GmlBmANc:1023: warning: ignoring prerequisites on suffix rule definition
config.status:1464: $? = 0
config.status:1382: executing libtool commands
config.status:1382: executing default-1 commands
config.status:1382: executing default-2 commands

## ---------------- ##
## Cache variables. ##
## ---------------- ##

ac_cv_build=x86_64-pc-linux-gnu
ac_cv_c_compiler_gnu=yes
ac_cv_c_const=yes
ac_cv_env_CC_set=set
ac_cv_env_CC_value=afl-cc
ac_cv_env_CFLAGS_set=
ac_cv_env_CFLAGS_value=
ac_cv_env_CPPFLAGS_set=
ac_cv_env_CPPFLAGS_value=
ac_cv_env_CPP_set=
ac_cv_env_CPP_value=
ac_cv_env_LDFLAGS_set=
ac_cv_env_LDFLAGS_value=
ac_cv_env_LIBS_set=
ac_cv_env_LIBS_value=
ac_cv_env_LT_SYS_LIBRARY_PATH_set=
ac_cv_env_LT_SYS_LIBRARY_PATH_value=
ac_cv_env_MATHLIBS_set=
ac_cv_env_MATHLIBS_value=
ac_cv_env_build_alias_set=
ac_cv_env_build_alias_value=
ac_cv_env_host_alias_set=
ac_cv_env_host_alias_value=
ac_cv_env_target_alias_set=
ac_cv_env_target_alias_value=
ac_cv_func_sqrt=no
ac_cv_header_dlfcn_h=yes
ac_cv_header_inttypes_h=yes
ac_cv_header_memory_h=yes
ac_cv_header_stdc=yes
ac_cv_header_stdint_h=yes
ac_cv_header_stdlib_h=yes
ac_cv_header_string_h=yes
ac_cv_header_strings_h=yes
ac_cv_header_sys_stat_h=yes
ac_cv_header_sys_types_h=yes
ac_cv_header_unistd_h=yes
ac_cv_host=x86_64-pc-linux-gnu
ac_cv_lib_m_sqrt=yes
ac_cv_objext=o
ac_cv_path_DOT=/usr/bin/dot
ac_cv_path_DOXYGEN=false
ac_cv_path_EGREP='/usr/bin/grep -E'
ac_cv_path_FGREP='/usr/bin/grep -F'
ac_cv_path_GMSGFMT=/usr/bin/msgfmt
ac_cv_path_GREP=/usr/bin/grep
ac_cv_path_MSGFMT=/usr/bin/msgfmt
ac_cv_path_MSGMERGE=/usr/bin/msgmerge
ac_cv_path_SED=/usr/bin/sed
ac_cv_path_XGETTEXT=/usr/bin/xgettext
ac_cv_path_install='/usr/bin/install -c'
ac_cv_path_lt_DD=/usr/bin/dd
ac_cv_path_mkdir=/usr/bin/mkdir
ac_cv_prog_AWK=gawk
ac_cv_prog_CPP='afl-cc -E'
ac_cv_prog_ac_ct_AR=ar
ac_cv_prog_ac_ct_CC=afl-cc
ac_cv_prog_ac_ct_MANIFEST_TOOL=mt
ac_cv_prog_ac_ct_OBJDUMP=objdump
ac_cv_prog_ac_ct_RANLIB=ranlib
ac_cv_prog_ac_ct_STRIP=strip
ac_cv_prog_cc_c89=
ac_cv_prog_cc_g=yes
ac_cv_prog_make_make_set=yes
ac_cv_type_uint8_t=yes
acl_cv_hardcode_direct=no
acl_cv_hardcode_libdir_flag_spec='${wl}-rpath ${wl}$libdir'
acl_cv_hardcode_libdir_separator=
acl_cv_hardcode_minus_L=no
acl_cv_libext=a
acl_cv_path_LD='/usr/bin/ld -m elf_x86_64'
acl_cv_prog_gnu_ld=yes
acl_cv_rpath=done
acl_cv_shlibext=so
acl_cv_wl=-Wl,
am_cv_CC_dependencies_compiler_type=gcc3
am_cv_func_iconv=yes
am_cv_lib_iconv=no
am_cv_make_support_nested_variables=yes
am_cv_prog_cc_c_o=yes
am_cv_proto_iconv='extern size_t iconv (iconv_t cd, char * *inbuf, size_t *inbytesleft, char * *outbuf, size_t *outbytesleft);'
am_cv_proto_iconv_arg1=
gt_cv_func_gnugettext1_libc=yes
lt_cv_ar_at_file=@
lt_cv_deplibs_check_method=pass_all
lt_cv_file_magic_cmd='$MAGIC_CMD'
lt_cv_file_magic_test_file=
lt_cv_ld_reload_flag=-r
lt_cv_nm_interface='BSD nm'
lt_cv_objdir=.libs
lt_cv_path_LD=/usr/bin/ld
lt_cv_path_NM='/usr/bin/nm -B'
lt_cv_path_mainfest_tool=no
lt_cv_prog_compiler_c_o=yes
lt_cv_prog_compiler_pic='-fPIC -DPIC'
lt_cv_prog_compiler_pic_works=yes
lt_cv_prog_compiler_rtti_exceptions=no
lt_cv_prog_compiler_static_works=yes
lt_cv_prog_gnu_ld=yes
lt_cv_sharedlib_from_linklib_cmd='printf %s\n'
lt_cv_shlibpath_overrides_runpath=yes
lt_cv_sys_global_symbol_pipe='sed -n -e '\''s/^.*[	 ]\([ABCDGIRSTW][ABCDGIRSTW]*\)[	 ][	 ]*\([_A-Za-z][_A-Za-z0-9]*\)$/\1 \2 \2/p'\'' | sed '\''/ __gnu_lto/d'\'''
lt_cv_sys_global_symbol_to_c_name_address='sed -n -e '\''s/^: \(.*\) .*$/  {"\1", (void *) 0},/p'\'' -e '\''s/^[ABCDGIRSTW][ABCDGIRSTW]* .* \(.*\)$/  {"\1", (void *) \&\1},/p'\'''
lt_cv_sys_global_symbol_to_c_name_address_lib_prefix='sed -n -e '\''s/^: \(.*\) .*$/  {"\1", (void *) 0},/p'\'' -e '\''s/^[ABCDGIRSTW][ABCDGIRSTW]* .* \(lib.*\)$/  {"\1", (void *) \&\1},/p'\'' -e '\''s/^[ABCDGIRSTW][ABCDGIRSTW]* .* \(.*\)$/  {"lib\1", (void *) \&\1},/p'\'''
lt_cv_sys_global_symbol_to_cdecl='sed -n -e '\''s/^T .* \(.*\)$/extern int \1();/p'\'' -e '\''s/^[ABCDGIRSTW][ABCDGIRSTW]* .* \(.*\)$/extern char \1;/p'\'''
lt_cv_sys_global_symbol_to_import=
lt_cv_sys_max_cmd_len=1572864
lt_cv_to_host_file_cmd=func_convert_file_noop
lt_cv_to_tool_file_cmd=func_convert_file_noop
lt_cv_truncate_bin='/usr/bin/dd bs=4096 count=1'

## ----------------- ##
## Output variables. ##
## ----------------- ##

ACLOCAL='${SHELL} '\''/home/ty/projects/Fuzzing101/Exercise-2/work/libexif/missing'\'' aclocal-1.16'
AMDEPBACKSLASH='\'
AMDEP_FALSE='#'
AMDEP_TRUE=''
AMTAR='$${TAR-tar}'
AM_BACKSLASH='\'
AM_CPPFLAGS=' -DLOCALEDIR=\"$(datadir)/locale\" -I$(top_srcdir) -I$(top_srcdir)/libexif -g -Wall -Wmissing-declarations -Wmissing-prototypes'
AM_DEFAULT_V='$(AM_DEFAULT_VERBOSITY)'
AM_DEFAULT_VERBOSITY='1'
AM_LDFLAGS=' -g -Wall'
AM_V='$(V)'
AR='ar'
AUTOCONF='${SHELL} '\''/home/ty/projects/Fuzzing101/Exercise-2/work/libexif/missing'\'' autoconf'
AUTOHEADER='${SHELL} '\''/home/ty/projects/Fuzzing101/Exercise-2/work/libexif/missing'\'' autoheader'
AUTOMAKE='${SHELL} '\''/home/ty/projects/Fuzzing101/Exercise-2/work/libexif/missing'\'' automake-1.16'
AWK='gawk'
CC='afl-cc'
CCDEPMODE='depmode=gcc3'
CFLAGS='-g -O2'
CPP='afl-cc -E'
CPPFLAGS=''
CYGPATH_W='echo'
DEFS='-DHAVE_CONFIG_H'
DEPDIR='.deps'
DLLTOOL='false'
DOT='/usr/bin/dot'
DOXYGEN='false'
DOXYGEN_OUTPUT_DIR='doxygen-output'
DSYMUTIL=''
DUMPBIN=''
ECHO_C=''
ECHO_N='-n'
ECHO_T=''
EGREP='/usr/bin/grep -E'
EXEEXT=''
FGREP='/usr/bin/grep -F'
GETTEXT_PACKAGE='libexif-12'
GMSGFMT='/usr/bin/msgfmt'
GREP='/usr/bin/grep'
HAVE_DOT='YES'
HAVE_DOT_FALSE='#'
HAVE_DOT_TRUE=''
HAVE_DOXYGEN_FALSE=''
HAVE_DOXYGEN_TRUE='#'
HTML_APIDOC_DIR='libexif-api.html'
HTML_APIDOC_INTERNALS_DIR='libexif-internals.html'
INSTALL_DATA='${INSTALL} -m 644'
INSTALL_PROGRAM='${INSTALL}'
INSTALL_SCRIPT='${INSTALL}'
INSTALL_STRIP_PROGRAM='$(install_sh) -c -s'
INTLLIBS=''
LD='/usr/bin/ld -m elf_x86_64'
LDFLAGS=''
LIBEXIF_AGE='1'
LIBEXIF_CURRENT='13'
LIBEXIF_CURRENT_MIN='12'
LIBEXIF_REVISION='0'
LIBEXIF_VERSION_INFO='13:0:1'
LIBICONV=''
LIBINTL=''
LIBOBJS=''
LIBS=''
LIBTOOL='$(SHELL) $(top_builddir)/libtool'
LIPO=''
LN_S='ln -s'
LTLIBICONV=''
LTLIBINTL=''
LTLIBOBJS=''
LT_SYS_LIBRARY_PATH=''
MAKEINFO='${SHELL} '\''/home/ty/projects/Fuzzing101/Exercise-2/work/libexif/missing'\'' makeinfo'
MANIFEST_TOOL=':'
MATHLIBS='-lm'
MKDIR_P='/usr/bin/mkdir -p'
MKINSTALLDIRS='$(top_builddir)/./mkinstalldirs'
MSGFMT='/usr/bin/msgfmt'
MSGMERGE='/usr/bin/msgmerge'
NM='/usr/bin/nm -B'
NMEDIT=''
OBJDUMP='objdump'
OBJEXT='o'
OTOOL64=''
OTOOL=''
PACKAGE='libexif'
PACKAGE_BUGREPORT='libexif-devel@lists.sourceforge.net'
PACKAGE_NAME='EXIF library'
PACKAGE_STRING='EXIF library 0.6.14'
PACKAGE_TARNAME='libexif'
PACKAGE_URL=''
PACKAGE_VERSION='0.6.14'
PATH_SEPARATOR=':'
POSUB='po'
RANLIB='ranlib'
SED='/usr/bin/sed'
SET_MAKE=''
SHELL='/bin/bash'
SHIP_BINARIES_FALSE=''
SHIP_BINARIES_TRUE='#'
STRIP='strip'
USE_NLS='yes'
VERSION='0.6.14'
XGETTEXT='/usr/bin/xgettext'
ac_ct_AR='ar'
ac_ct_CC='afl-cc'
ac_ct_DUMPBIN=''
am__EXEEXT_FALSE=''
am__EXEEXT_TRUE='#'
am__fastdepCC_FALSE='#'
am__fastdepCC_TRUE=''
am__include='include'
am__isrc=''
am__leading_dot='.'
am__nodep='_no'
am__quote=''
am__tar='$${TAR-tar} chof - "$$tardir"'
am__untar='$${TAR-tar} xf -'
bindir='${exec_prefix}/bin'
build='x86_64-pc-linux-gnu'
build_alias=''
build_cpu='x86_64'
build_os='linux-gnu'
build_vendor='pc'
datadir='${datarootdir}'
datarootdir='${prefix}/share'
docdir='${prefix}/share/doc/libexif'
dvidir='${docdir}'
exec_prefix='${prefix}'
host='x86_64-pc-linux-gnu'
host_alias=''
host_cpu='x86_64'
host_os='linux-gnu'
host_vendor='pc'
htmldir='${docdir}'
includedir='${prefix}/include'
infodir='${datarootdir}/info'
install_sh='${SHELL} /home/ty/projects/Fuzzing101/Exercise-2/work/libexif/install-sh'
libdir='${exec_prefix}/lib'
libexecdir='${exec_prefix}/libexec'
localedir='$(datadir)/locale'
localstatedir='${prefix}/var'
mandir='${datarootdir}/man'
mkdir_p='$(MKDIR_P)'
oldincludedir='/usr/include'
pdfdir='${docdir}'
prefix='/home/ty/projects/Fuzzing101/Exercise-2/work/install'
program_transform_name='s,x,x,'
psdir='${docdir}'
runstatedir='${localstatedir}/run'
sbindir='${exec_prefix}/sbin'
sharedstatedir='${prefix}/com'
sysconfdir='${prefix}/etc'
target_alias=''

## ----------- ##
## confdefs.h. ##
## ----------- ##

/* confdefs.h */
#define PACKAGE_NAME "EXIF library"
#define PACKAGE_TARNAME "libexif"
#define PACKAGE_VERSION "0.6.14"
#define PACKAGE_STRING "EXIF library 0.6.14"
#define PACKAGE_BUGREPORT "libexif-devel@lists.sourceforge.net"
#define PACKAGE_URL ""
#define PACKAGE "libexif"
#define VERSION "0.6.14"
#define STDC_HEADERS 1
#define HAVE_SYS_TYPES_H 1
#define HAVE_SYS_STAT_H 1
#define HAVE_STDLIB_H 1
#define HAVE_STRING_H 1
#define HAVE_MEMORY_H 1
#define HAVE_STRINGS_H 1
#define HAVE_INTTYPES_H 1
#define HAVE_STDINT_H 1
#define HAVE_UNISTD_H 1
#define HAVE_DLFCN_H 1
#define LT_OBJDIR ".libs/"
#define GETTEXT_PACKAGE "libexif-12"
#define ENABLE_NLS 1
#define HAVE_GETTEXT 1
#define HAVE_DCGETTEXT 1
#define HAVE_ICONV 1
#define ICONV_CONST 

configure: exit 0
