This file contains any messages produced by compilers while
running configure, to aid debugging if configure makes a mistake.

It was created by libexif command line interface configure 0.6.15, which was
generated by GNU Autoconf 2.69.  Invocation command line was

  $ ./configure --enable-shared=no --prefix=/home/ty/projects/Fuzzing101/Exercise-2/work/install PKG_CONFIG_PATH=/home/ty/projects/Fuzzing101/Exercise-2/work/install/lib/pkgconfig

## --------- ##
## Platform. ##
## --------- ##

hostname = jim-pc
uname -m = x86_64
uname -r = 6.0.0-2parrot1-amd64
uname -s = Linux
uname -v = #1 SMP PREEMPT_DYNAMIC Debian 6.0.2-1parrot1 (2022-10-18)

/usr/bin/uname -p = unknown
/bin/uname -X     = unknown

/bin/arch              = x86_64
/usr/bin/arch -k       = unknown
/usr/convex/getsysinfo = unknown
/usr/bin/hostinfo      = unknown
/bin/machine           = unknown
/usr/bin/oslevel       = unknown
/bin/universe          = unknown

PATH: /usr/local/sbin
PATH: /usr/local/bin
PATH: /usr/sbin
PATH: /usr/bin
PATH: /sbin
PATH: /bin


## ----------- ##
## Core tests. ##
## ----------- ##

configure:2332: checking for a BSD-compatible install
configure:2400: result: /usr/bin/install -c
configure:2411: checking whether build environment is sane
configure:2466: result: yes
configure:2612: checking for a thread-safe mkdir -p
configure:2651: result: /usr/bin/mkdir -p
configure:2658: checking for gawk
configure:2674: found /usr/bin/gawk
configure:2685: result: gawk
configure:2696: checking whether make sets $(MAKE)
configure:2718: result: yes
configure:2747: checking whether make supports nested variables
configure:2764: result: yes
configure:2915: checking for POSIX sh $() command substitution
configure:2919: result: yes
configure:3019: checking for gcc
configure:3046: result: afl-cc
configure:3275: checking for C compiler version
configure:3284: afl-cc --version >&5
gcc (Debian 10.2.1-6) 10.2.1 20210110
Copyright (C) 2020 Free Software Foundation, Inc.
This is free software; see the source for copying conditions.  There is NO
warranty; not even for MERCHANTABILITY or FITNESS FOR A PARTICULAR PURPOSE.

configure:3295: $? = 0
configure:3284: afl-cc -v >&5
Using built-in specs.
COLLECT_GCC=gcc
COLLECT_LTO_WRAPPER=/usr/lib/gcc/x86_64-linux-gnu/10/lto-wrapper
OFFLOAD_TARGET_NAMES=nvptx-none:amdgcn-amdhsa:hsa
OFFLOAD_TARGET_DEFAULT=1
Target: x86_64-linux-gnu
Configured with: ../src/configure -v --with-pkgversion='Debian 10.2.1-6' --with-bugurl=file:///usr/share/doc/gcc-10/README.Bugs --enable-languages=c,ada,c++,go,brig,d,fortran,objc,obj-c++,m2 --prefix=/usr --with-gcc-major-version-only --program-suffix=-10 --program-prefix=x86_64-linux-gnu- --enable-shared --enable-linker-build-id --libexecdir=/usr/lib --without-included-gettext --enable-threads=posix --libdir=/usr/lib --enable-nls --enable-bootstrap --enable-clocale=gnu --enable-libstdcxx-debug --enable-libstdcxx-time=yes --with-default-libstdcxx-abi=new --enable-gnu-unique-object --disable-vtable-verify --enable-plugin --enable-default-pie --with-system-zlib --enable-libphobos-checking=release --with-target-system-zlib=auto --enable-objc-gc=auto --enable-multiarch --disable-werror --with-arch-32=i686 --with-abi=m64 --with-multilib-list=m32,m64,mx32 --enable-multilib --with-tune=generic --enable-offload-targets=nvptx-none=/build/gcc-10-Km9U7s/gcc-10-10.2.1/debian/tmp-nvptx/usr,amdgcn-amdhsa=/build/gcc-10-Km9U7s/gcc-10-10.2.1/debian/tmp-gcn/usr,hsa --without-cuda-driver --enable-checking=release --build=x86_64-linux-gnu --host=x86_64-linux-gnu --target=x86_64-linux-gnu --with-build-config=bootstrap-lto-lean --enable-link-mutex
Thread model: posix
Supported LTO compression algorithms: zlib zstd
gcc version 10.2.1 20210110 (Debian 10.2.1-6) 
... rest of stderr output deleted ...
configure:3295: $? = 0
configure:3284: afl-cc -V >&5
gcc: error: unrecognized command-line option '-V'
gcc: fatal error: no input files
compilation terminated.
configure:3295: $? = 1
configure:3284: afl-cc -qversion >&5
gcc: error: unrecognized command-line option '-qversion'; did you mean '--version'?
gcc: fatal error: no input files
compilation terminated.
configure:3295: $? = 1
configure:3315: checking whether the C compiler works
configure:3337: afl-cc    conftest.c  >&5
configure:3341: $? = 0
configure:3389: result: yes
configure:3392: checking for C compiler default output file name
configure:3394: result: a.out
configure:3400: checking for suffix of executables
configure:3407: afl-cc -o conftest    conftest.c  >&5
configure:3411: $? = 0
configure:3433: result: 
configure:3455: checking whether we are cross compiling
configure:3463: afl-cc -o conftest    conftest.c  >&5
configure:3467: $? = 0
configure:3474: ./conftest
configure:3478: $? = 0
configure:3493: result: no
configure:3498: checking for suffix of object files
configure:3520: afl-cc -c   conftest.c >&5
configure:3524: $? = 0
configure:3545: result: o
configure:3549: checking whether we are using the GNU C compiler
configure:3568: afl-cc -c   conftest.c >&5
configure:3568: $? = 0
configure:3577: result: yes
configure:3586: checking whether afl-cc accepts -g
configure:3606: afl-cc -c -g  conftest.c >&5
configure:3606: $? = 0
configure:3647: result: yes
configure:3664: checking for afl-cc option to accept ISO C89
configure:3727: afl-cc  -c -g -O2  conftest.c >&5
configure:3727: $? = 0
configure:3740: result: none needed
configure:3765: checking whether afl-cc understands -c and -o together
configure:3787: afl-cc -c conftest.c -o conftest2.o
configure:3790: $? = 0
configure:3787: afl-cc -c conftest.c -o conftest2.o
configure:3790: $? = 0
configure:3802: result: yes
configure:3822: checking whether make supports the include directive
configure:3837: make -f confmf.GNU && cat confinc.out
this is the am__doit target
configure:3840: $? = 0
configure:3859: result: yes (GNU style)
configure:3884: checking dependency style of afl-cc
configure:3995: result: gcc3
configure:4011: checking for an ANSI C-conforming const
configure:4077: afl-cc -c -g -O2  conftest.c >&5
configure:4077: $? = 0
configure:4084: result: yes
configure:4121: checking build system type
configure:4135: result: x86_64-pc-linux-gnu
configure:4155: checking host system type
configure:4168: result: x86_64-pc-linux-gnu
configure:4209: checking how to print strings
configure:4236: result: printf
configure:4257: checking for a sed that does not truncate output
configure:4321: result: /usr/bin/sed
configure:4339: checking for grep that handles long lines and -e
configure:4397: result: /usr/bin/grep
configure:4402: checking for egrep
configure:4464: result: /usr/bin/grep -E
configure:4469: checking for fgrep
configure:4531: result: /usr/bin/grep -F
configure:4566: checking for ld used by afl-cc
configure:4633: result: /usr/bin/ld
configure:4640: checking if the linker (/usr/bin/ld) is GNU ld
configure:4655: result: yes
configure:4667: checking for BSD- or MS-compatible name lister (nm)
configure:4721: result: /usr/bin/nm -B
configure:4851: checking the name lister (/usr/bin/nm -B) interface
configure:4858: afl-cc -c -g -O2  conftest.c >&5
configure:4861: /usr/bin/nm -B "conftest.o"
configure:4864: output
0000000000000000 B some_variable
configure:4871: result: BSD nm
configure:4874: checking whether ln -s works
configure:4878: result: yes
configure:4886: checking the maximum length of command line arguments
configure:5017: result: 1572864
configure:5065: checking how to convert x86_64-pc-linux-gnu file names to x86_64-pc-linux-gnu format
configure:5105: result: func_convert_file_noop
configure:5112: checking how to convert x86_64-pc-linux-gnu file names to toolchain format
configure:5132: result: func_convert_file_noop
configure:5139: checking for /usr/bin/ld option to reload object files
configure:5146: result: -r
configure:5220: checking for objdump
configure:5236: found /usr/bin/objdump
configure:5247: result: objdump
configure:5279: checking how to recognize dependent libraries
configure:5479: result: pass_all
configure:5564: checking for dlltool
configure:5594: result: no
configure:5624: checking how to associate runtime and link libraries
configure:5651: result: printf %s\n
configure:5711: checking for ar
configure:5727: found /usr/bin/ar
configure:5738: result: ar
configure:5775: checking for archiver @FILE support
configure:5792: afl-cc -c -g -O2  conftest.c >&5
configure:5792: $? = 0
configure:5795: ar cr libconftest.a @conftest.lst >&5
configure:5798: $? = 0
configure:5803: ar cr libconftest.a @conftest.lst >&5
ar: conftest.o: No such file or directory
configure:5806: $? = 1
configure:5818: result: @
configure:5876: checking for strip
configure:5892: found /usr/bin/strip
configure:5903: result: strip
configure:5975: checking for ranlib
configure:5991: found /usr/bin/ranlib
configure:6002: result: ranlib
configure:6104: checking command to parse /usr/bin/nm -B output from afl-cc object
configure:6257: afl-cc -c -g -O2  conftest.c >&5
configure:6260: $? = 0
configure:6264: /usr/bin/nm -B conftest.o | sed -n -e 's/^.*[	 ]\([ABCDGIRSTW][ABCDGIRSTW]*\)[	 ][	 ]*\([_A-Za-z][_A-Za-z0-9]*\)$/\1 \2 \2/p' | sed '/ __gnu_lto/d' > conftest.nm
configure:6330: afl-cc -o conftest -g -O2   conftest.c conftstm.o >&5
configure:6333: $? = 0
configure:6371: result: ok
configure:6418: checking for sysroot
configure:6448: result: no
configure:6455: checking for a working dd
configure:6493: result: /usr/bin/dd
configure:6497: checking how to truncate binary pipes
configure:6512: result: /usr/bin/dd bs=4096 count=1
configure:6648: afl-cc -c -g -O2  conftest.c >&5
configure:6651: $? = 0
configure:6841: checking for mt
configure:6857: found /usr/bin/mt
configure:6868: result: mt
configure:6891: checking if mt is a manifest tool
configure:6897: mt '-?'
configure:6905: result: no
configure:7582: checking how to run the C preprocessor
configure:7613: afl-cc -E  conftest.c
configure:7613: $? = 0
configure:7627: afl-cc -E  conftest.c
conftest.c:11:10: fatal error: ac_nonexistent.h: No such file or directory
   11 | #include <ac_nonexistent.h>
      |          ^~~~~~~~~~~~~~~~~~
compilation terminated.
configure:7627: $? = 1
configure: failed program was:
| /* confdefs.h */
| #define PACKAGE_NAME "libexif command line interface"
| #define PACKAGE_TARNAME "exif"
| #define PACKAGE_VERSION "0.6.15"
| #define PACKAGE_STRING "libexif command line interface 0.6.15"
| #define PACKAGE_BUGREPORT "libexif-devel@lists.sourceforge.net"
| #define PACKAGE_URL ""
| #define PACKAGE "exif"
| #define VERSION "0.6.15"
| /* end confdefs.h.  */
| #include <ac_nonexistent.h>
configure:7652: result: afl-cc -E
configure:7672: afl-cc -E  conftest.c
configure:7672: $? = 0
configure:7686: afl-cc -E  conftest.c
conftest.c:11:10: fatal error: ac_nonexistent.h: No such file or directory
   11 | #include <ac_nonexistent.h>
      |          ^~~~~~~~~~~~~~~~~~
compilation terminated.
configure:7686: $? = 1
configure: failed program was:
| /* confdefs.h */
| #define PACKAGE_NAME "libexif command line interface"
| #define PACKAGE_TARNAME "exif"
| #define PACKAGE_VERSION "0.6.15"
| #define PACKAGE_STRING "libexif command line interface 0.6.15"
| #define PACKAGE_BUGREPORT "libexif-devel@lists.sourceforge.net"
| #define PACKAGE_URL ""
| #define PACKAGE "exif"
| #define VERSION "0.6.15"
| /* end confdefs.h.  */
| #include <ac_nonexistent.h>
configure:7715: checking for ANSI C header files
configure:7735: afl-cc -c -g -O2  conftest.c >&5
configure:7735: $? = 0
configure:7808: afl-cc -o conftest -g -O2   conftest.c  >&5
configure:7808: $? = 0
configure:7808: ./conftest
configure:7808: $? = 0
configure:7819: result: yes
configure:7832: checking for sys/types.h
configure:7832: afl-cc -c -g -O2  conftest.c >&5
configure:7832: $? = 0
configure:7832: result: yes
configure:7832: checking for sys/stat.h
configure:7832: afl-cc -c -g -O2  conftest.c >&5
configure:7832: $? = 0
configure:7832: result: yes
configure:7832: checking for stdlib.h
configure:7832: afl-cc -c -g -O2  conftest.c >&5
configure:7832: $? = 0
configure:7832: result: yes
configure:7832: checking for string.h
configure:7832: afl-cc -c -g -O2  conftest.c >&5
configure:7832: $? = 0
configure:7832: result: yes
configure:7832: checking for memory.h
configure:7832: afl-cc -c -g -O2  conftest.c >&5
configure:7832: $? = 0
configure:7832: result: yes
configure:7832: checking for strings.h
configure:7832: afl-cc -c -g -O2  conftest.c >&5
configure:7832: $? = 0
configure:7832: result: yes
configure:7832: checking for inttypes.h
configure:7832: afl-cc -c -g -O2  conftest.c >&5
configure:7832: $? = 0
configure:7832: result: yes
configure:7832: checking for stdint.h
configure:7832: afl-cc -c -g -O2  conftest.c >&5
configure:7832: $? = 0
configure:7832: result: yes
configure:7832: checking for unistd.h
configure:7832: afl-cc -c -g -O2  conftest.c >&5
configure:7832: $? = 0
configure:7832: result: yes
configure:7846: checking for dlfcn.h
configure:7846: afl-cc -c -g -O2  conftest.c >&5
configure:7846: $? = 0
configure:7846: result: yes
configure:8102: checking for objdir
configure:8117: result: .libs
configure:8381: checking if afl-cc supports -fno-rtti -fno-exceptions
configure:8399: afl-cc -c -g -O2  -fno-rtti -fno-exceptions conftest.c >&5
cc1: warning: command-line option '-fno-rtti' is valid for C++/D/ObjC++ but not for C
configure:8403: $? = 0
configure:8416: result: no
configure:8780: checking for afl-cc option to produce PIC
configure:8787: result: -fPIC -DPIC
configure:8795: checking if afl-cc PIC flag -fPIC -DPIC works
configure:8813: afl-cc -c -g -O2  -fPIC -DPIC -DPIC conftest.c >&5
configure:8817: $? = 0
configure:8830: result: yes
configure:8859: checking if afl-cc static flag -static works
configure:8887: result: yes
configure:8902: checking if afl-cc supports -c -o file.o
configure:8923: afl-cc -c -g -O2  -o out/conftest2.o conftest.c >&5
configure:8927: $? = 0
configure:8949: result: yes
configure:8957: checking if afl-cc supports -c -o file.o
configure:9004: result: yes
configure:9037: checking whether the afl-cc linker (/usr/bin/ld -m elf_x86_64) supports shared libraries
configure:10300: result: yes
configure:10540: checking dynamic linker characteristics
configure:11121: afl-cc -o conftest -g -O2   -Wl,-rpath -Wl,/foo conftest.c  >&5
configure:11121: $? = 0
configure:11370: result: GNU/Linux ld.so
configure:11492: checking how to hardcode library paths into programs
configure:11517: result: immediate
configure:12065: checking whether stripping libraries is possible
configure:12070: result: yes
configure:12105: checking if libtool supports shared libraries
configure:12107: result: yes
configure:12110: checking whether to build shared libraries
configure:12135: result: no
configure:12138: checking whether to build static libraries
configure:12142: result: yes
configure:12195: checking for isatty
configure:12195: afl-cc -o conftest -g -O2   conftest.c  >&5
configure:12195: $? = 0
configure:12195: result: yes
configure:12195: checking for fileno
configure:12195: afl-cc -o conftest -g -O2   conftest.c  >&5
configure:12195: $? = 0
configure:12195: result: yes
configure:12214: checking PKG_CONFIG_PATH
configure:12220: result: /home/ty/projects/Fuzzing101/Exercise-2/work/install/lib/pkgconfig
configure:12226: checking for pkg-config
configure:12244: found /usr/bin/pkg-config
configure:12257: result: /usr/bin/pkg-config
configure:12295: checking for po/Makevars requiring hack
configure:12299: result: yes, done.
configure:12322: checking whether NLS is requested
configure:12331: result: yes
configure:12369: checking for msgfmt
configure:12400: result: /usr/bin/msgfmt
configure:12409: checking for gmsgfmt
configure:12440: result: /usr/bin/msgfmt
configure:12480: checking for xgettext
configure:12511: result: /usr/bin/xgettext
configure:12551: checking for msgmerge
configure:12581: result: /usr/bin/msgmerge
configure:12656: checking for ld used by GCC
configure:12720: result: /usr/bin/ld -m elf_x86_64
configure:12727: checking if the linker (/usr/bin/ld -m elf_x86_64) is GNU ld
configure:12740: result: yes
configure:12746: checking for shared library run path origin
configure:12759: result: done
configure:13175: checking whether NLS is requested
configure:13184: result: yes
configure:13202: checking for GNU gettext in libc
configure:13221: afl-cc -o conftest -g -O2   conftest.c  >&5
conftest.c: In function 'main':
conftest.c:33:8: warning: cast from pointer to integer of different size [-Wpointer-to-int-cast]
   33 | return (int) gettext ("") + _nl_msg_cat_cntr + *_nl_domain_bindings
      |        ^
configure:13221: $? = 0
configure:13229: result: yes
configure:13809: checking whether to use NLS
configure:13811: result: yes
configure:13814: checking where the gettext function comes from
configure:13825: result: libc
configure:13916: checking for msgfmt
configure:13947: result: /usr/bin/msgfmt
configure:13956: checking for gmsgfmt
configure:13987: result: /usr/bin/msgfmt
configure:14027: checking for xgettext
configure:14058: result: /usr/bin/xgettext
configure:14098: checking for msgmerge
configure:14128: result: /usr/bin/msgmerge
configure:14193: checking for iconv
configure:14215: afl-cc -o conftest -g -O2   conftest.c  >&5
configure:14215: $? = 0
configure:14247: result: yes
configure:14268: checking for iconv declaration
configure:14297: afl-cc -c -g -O2  conftest.c >&5
configure:14297: $? = 0
configure:14308: result: 
         extern size_t iconv (iconv_t cd, char * *inbuf, size_t *inbytesleft, char * *outbuf, size_t *outbytesleft);
configure:14360: checking locale.h usability
configure:14360: afl-cc -c -g -O2  conftest.c >&5
configure:14360: $? = 0
configure:14360: result: yes
configure:14360: checking locale.h presence
configure:14360: afl-cc -E  conftest.c
configure:14360: $? = 0
configure:14360: result: yes
configure:14360: checking for locale.h
configure:14360: result: yes
configure:14370: checking iconv.h usability
configure:14370: afl-cc -c -g -O2  conftest.c >&5
configure:14370: $? = 0
configure:14370: result: yes
configure:14370: checking iconv.h presence
configure:14370: afl-cc -E  conftest.c
configure:14370: $? = 0
configure:14370: result: yes
configure:14370: checking for iconv.h
configure:14370: result: yes
configure:14384: checking for dynamic library extension
configure:14406: result: .so
configure:14519: checking pkg-config is at least version 0.9.0
configure:14522: result: yes
configure:14536: checking for libexif to use
configure:14549: result: autodetect
configure:14555: checking for libexif >= 0.6.13
configure:14562: $PKG_CONFIG --exists --print-errors "libexif >= 0.6.13"
configure:14565: $? = 0
configure:14579: $PKG_CONFIG --exists --print-errors "libexif >= 0.6.13"
configure:14582: $? = 0
configure:14620: result: yes
configure:14783: checking libexif library flags
configure:14785: result: -L/home/ty/projects/Fuzzing101/Exercise-2/work/install/lib -lexif -lm
configure:14787: checking libexif cpp flags
configure:14789: result: -I/home/ty/projects/Fuzzing101/Exercise-2/work/install/include
configure:14810: checking for unistd.h
configure:14810: result: yes
configure:14834: checking whether popt is required
configure:14836: result: yes
configure:14865: checking popt.h usability
configure:14865: afl-cc -c -g -O2  conftest.c >&5
configure:14865: $? = 0
configure:14865: result: yes
configure:14865: checking popt.h presence
configure:14865: afl-cc -E  conftest.c
configure:14865: $? = 0
configure:14865: result: yes
configure:14865: checking for popt.h
configure:14865: result: yes
configure:14915: checking for poptStuffArgs in -lpopt
configure:14940: afl-cc -o conftest -g -O2  -L/usr/lib64  conftest.c -lpopt   >&5
configure:14940: $? = 0
configure:14949: result: yes
configure:14984: checking if popt is functional
configure:14995: result: yes
configure:15159: checking that generated files are newer than configure
configure:15165: result: done
configure:15196: creating ./config.status

## ---------------------- ##
## Running config.status. ##
## ---------------------- ##

This file was extended by libexif command line interface config.status 0.6.15, which was
generated by GNU Autoconf 2.69.  Invocation command line was

  CONFIG_FILES    = 
  CONFIG_HEADERS  = 
  CONFIG_LINKS    = 
  CONFIG_COMMANDS = 
  $ ./config.status 

on jim-pc

config.status:1146: creating po/Makefile.in
config.status:1254: WARNING:  'po/Makefile.in.in' seems to ignore the --datarootdir setting
config.status:1146: creating Makefile
config.status:1146: creating m4m/Makefile
config.status:1146: creating exif.spec
config.status:1146: creating libjpeg/Makefile
config.status:1146: creating exif/Makefile
config.status:1146: creating config.h
config.status:1375: executing depfiles commands
config.status:1452: cd libjpeg       && sed -e '/# am--include-marker/d' Makefile         | make -f - am--depfiles
config.status:1457: $? = 0
config.status:1452: cd exif       && sed -e '/# am--include-marker/d' Makefile         | make -f - am--depfiles
config.status:1457: $? = 0
config.status:1375: executing libtool commands
config.status:1375: executing default-1 commands
config.status:1375: executing default-2 commands

## ---------------- ##
## Cache variables. ##
## ---------------- ##

ac_cv_build=x86_64-pc-linux-gnu
ac_cv_c_compiler_gnu=yes
ac_cv_c_const=yes
ac_cv_env_CC_set=set
ac_cv_env_CC_value=afl-cc
ac_cv_env_CFLAGS_set=
ac_cv_env_CFLAGS_value=
ac_cv_env_CPPFLAGS_set=
ac_cv_env_CPPFLAGS_value=
ac_cv_env_CPP_set=
ac_cv_env_CPP_value=
ac_cv_env_LDFLAGS_set=
ac_cv_env_LDFLAGS_value=
ac_cv_env_LIBEXIF_CFLAGS_set=
ac_cv_env_LIBEXIF_CFLAGS_value=
ac_cv_env_LIBEXIF_LIBS_set=
ac_cv_env_LIBEXIF_LIBS_value=
ac_cv_env_LIBS_set=
ac_cv_env_LIBS_value=
ac_cv_env_LT_SYS_LIBRARY_PATH_set=
ac_cv_env_LT_SYS_LIBRARY_PATH_value=
ac_cv_env_PKG_CONFIG_LIBDIR_set=
ac_cv_env_PKG_CONFIG_LIBDIR_value=
ac_cv_env_PKG_CONFIG_PATH_set=set
ac_cv_env_PKG_CONFIG_PATH_value=/home/ty/projects/Fuzzing101/Exercise-2/work/install/lib/pkgconfig
ac_cv_env_PKG_CONFIG_set=
ac_cv_env_PKG_CONFIG_value=
ac_cv_env_POPT_CFLAGS_set=
ac_cv_env_POPT_CFLAGS_value=
ac_cv_env_POPT_LIBS_set=
ac_cv_env_POPT_LIBS_value=
ac_cv_env_build_alias_set=
ac_cv_env_build_alias_value=
ac_cv_env_host_alias_set=
ac_cv_env_host_alias_value=
ac_cv_env_target_alias_set=
ac_cv_env_target_alias_value=
ac_cv_func_fileno=yes
ac_cv_func_isatty=yes
ac_cv_header_dlfcn_h=yes
ac_cv_header_iconv_h=yes
ac_cv_header_inttypes_h=yes
ac_cv_header_locale_h=yes
ac_cv_header_memory_h=yes
ac_cv_header_popt_h=yes
ac_cv_header_stdc=yes
ac_cv_header_stdint_h=yes
ac_cv_header_stdlib_h=yes
ac_cv_header_string_h=yes
ac_cv_header_strings_h=yes
ac_cv_header_sys_stat_h=yes
ac_cv_header_sys_types_h=yes
ac_cv_header_unistd_h=yes
ac_cv_host=x86_64-pc-linux-gnu
ac_cv_lib_popt_poptStuffArgs=yes
ac_cv_objext=o
ac_cv_path_EGREP='/usr/bin/grep -E'
ac_cv_path_FGREP='/usr/bin/grep -F'
ac_cv_path_GMSGFMT=/usr/bin/msgfmt
ac_cv_path_GREP=/usr/bin/grep
ac_cv_path_MSGFMT=/usr/bin/msgfmt
ac_cv_path_MSGMERGE=/usr/bin/msgmerge
ac_cv_path_PKG_CONFIG=/usr/bin/pkg-config
ac_cv_path_SED=/usr/bin/sed
ac_cv_path_XGETTEXT=/usr/bin/xgettext
ac_cv_path_install='/usr/bin/install -c'
ac_cv_path_lt_DD=/usr/bin/dd
ac_cv_path_mkdir=/usr/bin/mkdir
ac_cv_prog_AWK=gawk
ac_cv_prog_CPP='afl-cc -E'
ac_cv_prog_ac_ct_AR=ar
ac_cv_prog_ac_ct_CC=afl-cc
ac_cv_prog_ac_ct_MANIFEST_TOOL=mt
ac_cv_prog_ac_ct_OBJDUMP=objdump
ac_cv_prog_ac_ct_RANLIB=ranlib
ac_cv_prog_ac_ct_STRIP=strip
ac_cv_prog_cc_c89=
ac_cv_prog_cc_g=yes
ac_cv_prog_make_make_set=yes
acl_cv_hardcode_direct=no
acl_cv_hardcode_libdir_flag_spec='${wl}-rpath ${wl}$libdir'
acl_cv_hardcode_libdir_separator=
acl_cv_hardcode_minus_L=no
acl_cv_libext=a
acl_cv_path_LD='/usr/bin/ld -m elf_x86_64'
acl_cv_prog_gnu_ld=yes
acl_cv_rpath=done
acl_cv_shlibext=so
acl_cv_wl=-Wl,
am_cv_CC_dependencies_compiler_type=gcc3
am_cv_func_iconv=yes
am_cv_lib_iconv=no
am_cv_make_support_nested_variables=yes
am_cv_prog_cc_c_o=yes
am_cv_proto_iconv='extern size_t iconv (iconv_t cd, char * *inbuf, size_t *inbytesleft, char * *outbuf, size_t *outbytesleft);'
am_cv_proto_iconv_arg1=
gt_cv_func_gnugettext1_libc=yes
lt_cv_ar_at_file=@
lt_cv_deplibs_check_method=pass_all
lt_cv_file_magic_cmd='$MAGIC_CMD'
lt_cv_file_magic_test_file=
lt_cv_ld_reload_flag=-r
lt_cv_nm_interface='BSD nm'
lt_cv_objdir=.libs
lt_cv_path_LD=/usr/bin/ld
lt_cv_path_NM='/usr/bin/nm -B'
lt_cv_path_mainfest_tool=no
lt_cv_prog_compiler_c_o=yes
lt_cv_prog_compiler_pic='-fPIC -DPIC'
lt_cv_prog_compiler_pic_works=yes
lt_cv_prog_compiler_rtti_exceptions=no
lt_cv_prog_compiler_static_works=yes
lt_cv_prog_gnu_ld=yes
lt_cv_sharedlib_from_linklib_cmd='printf %s\n'
lt_cv_shlibpath_overrides_runpath=yes
lt_cv_sys_global_symbol_pipe='sed -n -e '\''s/^.*[	 ]\([ABCDGIRSTW][ABCDGIRSTW]*\)[	 ][	 ]*\([_A-Za-z][_A-Za-z0-9]*\)$/\1 \2 \2/p'\'' | sed '\''/ __gnu_lto/d'\'''
lt_cv_sys_global_symbol_to_c_name_address='sed -n -e '\''s/^: \(.*\) .*$/  {"\1", (void *) 0},/p'\'' -e '\''s/^[ABCDGIRSTW][ABCDGIRSTW]* .* \(.*\)$/  {"\1", (void *) \&\1},/p'\'''
lt_cv_sys_global_symbol_to_c_name_address_lib_prefix='sed -n -e '\''s/^: \(.*\) .*$/  {"\1", (void *) 0},/p'\'' -e '\''s/^[ABCDGIRSTW][ABCDGIRSTW]* .* \(lib.*\)$/  {"\1", (void *) \&\1},/p'\'' -e '\''s/^[ABCDGIRSTW][ABCDGIRSTW]* .* \(.*\)$/  {"lib\1", (void *) \&\1},/p'\'''
lt_cv_sys_global_symbol_to_cdecl='sed -n -e '\''s/^T .* \(.*\)$/extern int \1();/p'\'' -e '\''s/^[ABCDGIRSTW][ABCDGIRSTW]* .* \(.*\)$/extern char \1;/p'\'''
lt_cv_sys_global_symbol_to_import=
lt_cv_sys_max_cmd_len=1572864
lt_cv_to_host_file_cmd=func_convert_file_noop
lt_cv_to_tool_file_cmd=func_convert_file_noop
lt_cv_truncate_bin='/usr/bin/dd bs=4096 count=1'
pkg_cv_LIBEXIF_CFLAGS=-I/home/ty/projects/Fuzzing101/Exercise-2/work/install/include
pkg_cv_LIBEXIF_LIBS='-L/home/ty/projects/Fuzzing101/Exercise-2/work/install/lib -lexif -lm'

## ----------------- ##
## Output variables. ##
## ----------------- ##

ACLOCAL='${SHELL} '\''/home/ty/projects/Fuzzing101/Exercise-2/work/exif/missing'\'' aclocal-1.16'
AMDEPBACKSLASH='\'
AMDEP_FALSE='#'
AMDEP_TRUE=''
AMTAR='$${TAR-tar}'
AM_BACKSLASH='\'
AM_CPPFLAGS=' -I$(top_srcdir) -I$(top_builddir) -DLOCALEDIR=\"$(datadir)/locale\" -Wall -Wchar-subscripts -Wmissing-declarations -Wmissing-prototypes -Wnested-externs -Wpointer-arith'
AM_DEFAULT_V='$(AM_DEFAULT_VERBOSITY)'
AM_DEFAULT_VERBOSITY='1'
AM_LDFLAGS=' -g -Wall'
AM_V='$(V)'
AR='ar'
AUTOCONF='${SHELL} '\''/home/ty/projects/Fuzzing101/Exercise-2/work/exif/missing'\'' autoconf'
AUTOHEADER='${SHELL} '\''/home/ty/projects/Fuzzing101/Exercise-2/work/exif/missing'\'' autoheader'
AUTOMAKE='${SHELL} '\''/home/ty/projects/Fuzzing101/Exercise-2/work/exif/missing'\'' automake-1.16'
AWK='gawk'
CC='afl-cc'
CCDEPMODE='depmode=gcc3'
CFLAGS='-g -O2'
CPP='afl-cc -E'
CPPFLAGS=''
CYGPATH_W='echo'
DEFS='-DHAVE_CONFIG_H'
DEPDIR='.deps'
DLLTOOL='false'
DSYMUTIL=''
DUMPBIN=''
ECHO_C=''
ECHO_N='-n'
ECHO_T=''
EGREP='/usr/bin/grep -E'
EXEEXT=''
FGREP='/usr/bin/grep -F'
GETTEXT_PACKAGE='exif'
GMSGFMT='/usr/bin/msgfmt'
GREP='/usr/bin/grep'
HAVE_LIBEXIF_FALSE='#'
HAVE_LIBEXIF_TRUE=''
HAVE_POPT_FALSE='#'
HAVE_POPT_TRUE=''
INSTALL_DATA='${INSTALL} -m 644'
INSTALL_PROGRAM='${INSTALL}'
INSTALL_SCRIPT='${INSTALL}'
INSTALL_STRIP_PROGRAM='$(install_sh) -c -s'
INTLLIBS=''
LD='/usr/bin/ld -m elf_x86_64'
LDFLAGS=''
LIBEXIF_CFLAGS='-I/home/ty/projects/Fuzzing101/Exercise-2/work/install/include'
LIBEXIF_CONFIG_PROG=''
LIBEXIF_LIBS='-L/home/ty/projects/Fuzzing101/Exercise-2/work/install/lib -lexif -lm'
LIBICONV=''
LIBINTL=''
LIBOBJS=''
LIBS=''
LIBTOOL='$(SHELL) $(top_builddir)/libtool'
LIPO=''
LN_S='ln -s'
LTLIBICONV=''
LTLIBINTL=''
LTLIBOBJS=''
LT_SYS_LIBRARY_PATH=''
MAKEINFO='${SHELL} '\''/home/ty/projects/Fuzzing101/Exercise-2/work/exif/missing'\'' makeinfo'
MANIFEST_TOOL=':'
MKDIR_P='/usr/bin/mkdir -p'
MKINSTALLDIRS='$(top_builddir)/./mkinstalldirs'
MSGFMT='/usr/bin/msgfmt'
MSGMERGE='/usr/bin/msgmerge'
NM='/usr/bin/nm -B'
NMEDIT=''
OBJDUMP='objdump'
OBJEXT='o'
OTOOL64=''
OTOOL=''
PACKAGE='exif'
PACKAGE_BUGREPORT='libexif-devel@lists.sourceforge.net'
PACKAGE_NAME='libexif command line interface'
PACKAGE_STRING='libexif command line interface 0.6.15'
PACKAGE_TARNAME='exif'
PACKAGE_URL=''
PACKAGE_VERSION='0.6.15'
PATH_SEPARATOR=':'
PKG_CONFIG='/usr/bin/pkg-config'
PKG_CONFIG_LIBDIR=''
PKG_CONFIG_PATH='/home/ty/projects/Fuzzing101/Exercise-2/work/install/lib/pkgconfig'
POPT_CFLAGS='-I/usr/include'
POPT_LIBS='-L/usr/lib64 -lpopt'
POSUB='po'
RANLIB='ranlib'
SED='/usr/bin/sed'
SET_MAKE=''
SHELL='/bin/bash'
STRIP='strip'
USE_NLS='yes'
VERSION='0.6.15'
XGETTEXT='/usr/bin/xgettext'
ac_ct_AR='ar'
ac_ct_CC='afl-cc'
ac_ct_DUMPBIN=''
am__EXEEXT_FALSE=''
am__EXEEXT_TRUE='#'
am__fastdepCC_FALSE='#'
am__fastdepCC_TRUE=''
am__include='include'
am__isrc=''
am__leading_dot='.'
am__nodep='_no'
am__quote=''
am__tar='$${TAR-tar} chof - "$$tardir"'
am__untar='$${TAR-tar} xf -'
bindir='${exec_prefix}/bin'
build='x86_64-pc-linux-gnu'
build_alias=''
build_cpu='x86_64'
build_os='linux-gnu'
build_vendor='pc'
datadir='${datarootdir}'
datarootdir='${prefix}/share'
docdir='${datarootdir}/doc/${PACKAGE_TARNAME}'
dvidir='${docdir}'
exec_prefix='${prefix}'
host='x86_64-pc-linux-gnu'
host_alias=''
host_cpu='x86_64'
host_os='linux-gnu'
host_vendor='pc'
htmldir='${docdir}'
includedir='${prefix}/include'
infodir='${datarootdir}/info'
install_sh='${SHELL} /home/ty/projects/Fuzzing101/Exercise-2/work/exif/install-sh'
libdir='${exec_prefix}/lib'
libexecdir='${exec_prefix}/libexec'
localedir='$(datadir)/locale'
localstatedir='${prefix}/var'
mandir='${datarootdir}/man'
mkdir_p='$(MKDIR_P)'
oldincludedir='/usr/include'
pdfdir='${docdir}'
prefix='/home/ty/projects/Fuzzing101/Exercise-2/work/install'
program_transform_name='s,x,x,'
psdir='${docdir}'
runstatedir='${localstatedir}/run'
sbindir='${exec_prefix}/sbin'
sharedstatedir='${prefix}/com'
sysconfdir='${prefix}/etc'
target_alias=''

## ----------- ##
## confdefs.h. ##
## ----------- ##

/* confdefs.h */
#define PACKAGE_NAME "libexif command line interface"
#define PACKAGE_TARNAME "exif"
#define PACKAGE_VERSION "0.6.15"
#define PACKAGE_STRING "libexif command line interface 0.6.15"
#define PACKAGE_BUGREPORT "libexif-devel@lists.sourceforge.net"
#define PACKAGE_URL ""
#define PACKAGE "exif"
#define VERSION "0.6.15"
#define STDC_HEADERS 1
#define HAVE_SYS_TYPES_H 1
#define HAVE_SYS_STAT_H 1
#define HAVE_STDLIB_H 1
#define HAVE_STRING_H 1
#define HAVE_MEMORY_H 1
#define HAVE_STRINGS_H 1
#define HAVE_INTTYPES_H 1
#define HAVE_STDINT_H 1
#define HAVE_UNISTD_H 1
#define HAVE_DLFCN_H 1
#define LT_OBJDIR ".libs/"
#define HAVE_ISATTY 1
#define HAVE_FILENO 1
#define GETTEXT_PACKAGE "exif"
#define ENABLE_NLS 1
#define HAVE_GETTEXT 1
#define HAVE_DCGETTEXT 1
#define HAVE_ICONV 1
#define ICONV_CONST 
#define HAVE_LOCALE_H 1
#define HAVE_ICONV 1
#define HAVE_LIBEXIF 1
#define HAVE_UNISTD_H 1
#define HAVE_POPT 1

configure: exit 0
